Classic Timing Analyzer report for alu
Tue Oct 10 11:32:49 2023
Quartus II Version 9.1 Build 350 03/24/2010 Service Pack 2 SJ Web Edition


---------------------
; Table of Contents ;
---------------------
  1. Legal Notice
  2. Timing Analyzer Summary
  3. Timing Analyzer Settings
  4. Parallel Compilation
  5. tpd
  6. Timing Analyzer Messages



----------------
; Legal Notice ;
----------------
Copyright (C) 1991-2010 Altera Corporation
Your use of Altera Corporation's design tools, logic functions 
and other software and tools, and its AMPP partner logic 
functions, and any output files from any of the foregoing 
(including device programming or simulation files), and any 
associated documentation or information are expressly subject 
to the terms and conditions of the Altera Program License 
Subscription Agreement, Altera MegaCore Function License 
Agreement, or other applicable license agreement, including, 
without limitation, that your use is for the sole purpose of 
programming logic devices manufactured by Altera and sold by 
Altera or its authorized distributors.  Please refer to the 
applicable agreement for further details.



+-------------------------------------------------------------------------------------------------------------------------------+
; Timing Analyzer Summary                                                                                                       ;
+------------------------------+-------+---------------+-------------+-----------+-------+------------+----------+--------------+
; Type                         ; Slack ; Required Time ; Actual Time ; From      ; To    ; From Clock ; To Clock ; Failed Paths ;
+------------------------------+-------+---------------+-------------+-----------+-------+------------+----------+--------------+
; Worst-case tpd               ; N/A   ; None          ; 13.387 ns   ; op_sel[0] ; z_out ; --         ; --       ; 0            ;
; Total number of failed paths ;       ;               ;             ;           ;       ;            ;          ; 0            ;
+------------------------------+-------+---------------+-------------+-----------+-------+------------+----------+--------------+


+-----------------------------------------------------------------------------------------------------------------------------------------------------+
; Timing Analyzer Settings                                                                                                                            ;
+------------------------------------------------------------------------------------------------------+--------------------+------+----+-------------+
; Option                                                                                               ; Setting            ; From ; To ; Entity Name ;
+------------------------------------------------------------------------------------------------------+--------------------+------+----+-------------+
; Device Name                                                                                          ; EP2S15F484C3       ;      ;    ;             ;
; Timing Models                                                                                        ; Final              ;      ;    ;             ;
; Default hold multicycle                                                                              ; Same as Multicycle ;      ;    ;             ;
; Cut paths between unrelated clock domains                                                            ; On                 ;      ;    ;             ;
; Cut off read during write signal paths                                                               ; On                 ;      ;    ;             ;
; Cut off feedback from I/O pins                                                                       ; On                 ;      ;    ;             ;
; Report Combined Fast/Slow Timing                                                                     ; Off                ;      ;    ;             ;
; Ignore Clock Settings                                                                                ; Off                ;      ;    ;             ;
; Analyze latches as synchronous elements                                                              ; On                 ;      ;    ;             ;
; Enable Recovery/Removal analysis                                                                     ; Off                ;      ;    ;             ;
; Enable Clock Latency                                                                                 ; Off                ;      ;    ;             ;
; Use TimeQuest Timing Analyzer                                                                        ; Off                ;      ;    ;             ;
; Number of source nodes to report per destination node                                                ; 10                 ;      ;    ;             ;
; Number of destination nodes to report                                                                ; 10                 ;      ;    ;             ;
; Number of paths to report                                                                            ; 200                ;      ;    ;             ;
; Report Minimum Timing Checks                                                                         ; Off                ;      ;    ;             ;
; Use Fast Timing Models                                                                               ; Off                ;      ;    ;             ;
; Report IO Paths Separately                                                                           ; Off                ;      ;    ;             ;
; Perform Multicorner Analysis                                                                         ; On                 ;      ;    ;             ;
; Reports the worst-case path for each clock domain and analysis                                       ; Off                ;      ;    ;             ;
; Reports worst-case timing paths for each clock domain and analysis                                   ; Off                ;      ;    ;             ;
; Specifies the maximum number of worst-case timing paths to report for each clock domain and analysis ; 100                ;      ;    ;             ;
; Removes common clock path pessimism (CCPP) during slack computation                                  ; Off                ;      ;    ;             ;
; Output I/O Timing Endpoint                                                                           ; Near End           ;      ;    ;             ;
+------------------------------------------------------------------------------------------------------+--------------------+------+----+-------------+


Parallel compilation was disabled, but you have multiple processors available. Enable parallel compilation to reduce compilation time.
+-------------------------------------+
; Parallel Compilation                ;
+----------------------------+--------+
; Processors                 ; Number ;
+----------------------------+--------+
; Number detected on machine ; 2      ;
; Maximum allowed            ; 1      ;
+----------------------------+--------+


+-----------------------------------------------------------------------------------------------------------------------------------------+
; tpd                                                                                                                                     ;
+-----------------------------------------+-----------------------------------------------------+-----------------+------------+----------+
; Slack                                   ; Required P2P Time                                   ; Actual P2P Time ; From       ; To       ;
+-----------------------------------------+-----------------------------------------------------+-----------------+------------+----------+
; N/A                                     ; None                                                ; 13.387 ns       ; op_sel[0]  ; z_out    ;
; N/A                                     ; None                                                ; 13.122 ns       ; b_in[1]    ; z_out    ;
; N/A                                     ; None                                                ; 13.050 ns       ; op_sel[1]  ; z_out    ;
; N/A                                     ; None                                                ; 13.016 ns       ; op_sel[0]  ; dc_out   ;
; N/A                                     ; None                                                ; 12.965 ns       ; b_in[0]    ; z_out    ;
; N/A                                     ; None                                                ; 12.751 ns       ; b_in[1]    ; dc_out   ;
; N/A                                     ; None                                                ; 12.750 ns       ; b_in[2]    ; z_out    ;
; N/A                                     ; None                                                ; 12.685 ns       ; op_sel[0]  ; r_out[6] ;
; N/A                                     ; None                                                ; 12.679 ns       ; op_sel[1]  ; dc_out   ;
; N/A                                     ; None                                                ; 12.671 ns       ; b_in[6]    ; z_out    ;
; N/A                                     ; None                                                ; 12.594 ns       ; b_in[0]    ; dc_out   ;
; N/A                                     ; None                                                ; 12.559 ns       ; op_sel[0]  ; r_out[7] ;
; N/A                                     ; None                                                ; 12.434 ns       ; b_in[6]    ; r_out[6] ;
; N/A                                     ; None                                                ; 12.420 ns       ; b_in[1]    ; r_out[6] ;
; N/A                                     ; None                                                ; 12.415 ns       ; b_in[4]    ; z_out    ;
; N/A                                     ; None                                                ; 12.379 ns       ; b_in[2]    ; dc_out   ;
; N/A                                     ; None                                                ; 12.354 ns       ; op_sel[1]  ; r_out[6] ;
; N/A                                     ; None                                                ; 12.325 ns       ; op_sel[2]  ; z_out    ;
; N/A                                     ; None                                                ; 12.301 ns       ; b_in[6]    ; r_out[7] ;
; N/A                                     ; None                                                ; 12.294 ns       ; b_in[1]    ; r_out[7] ;
; N/A                                     ; None                                                ; 12.263 ns       ; b_in[0]    ; r_out[6] ;
; N/A                                     ; None                                                ; 12.238 ns       ; a_in[2]    ; z_out    ;
; N/A                                     ; None                                                ; 12.228 ns       ; op_sel[1]  ; r_out[7] ;
; N/A                                     ; None                                                ; 12.208 ns       ; b_in[3]    ; z_out    ;
; N/A                                     ; None                                                ; 12.178 ns       ; b_in[4]    ; r_out[6] ;
; N/A                                     ; None                                                ; 12.137 ns       ; b_in[0]    ; r_out[7] ;
; N/A                                     ; None                                                ; 12.136 ns       ; op_sel[0]  ; r_out[2] ;
; N/A                                     ; None                                                ; 12.059 ns       ; b_in[5]    ; z_out    ;
; N/A                                     ; None                                                ; 12.052 ns       ; b_in[4]    ; r_out[7] ;
; N/A                                     ; None                                                ; 12.049 ns       ; op_sel[3]  ; z_out    ;
; N/A                                     ; None                                                ; 12.048 ns       ; b_in[2]    ; r_out[6] ;
; N/A                                     ; None                                                ; 11.961 ns       ; op_sel[0]  ; r_out[3] ;
; N/A                                     ; None                                                ; 11.954 ns       ; op_sel[2]  ; dc_out   ;
; N/A                                     ; None                                                ; 11.954 ns       ; op_sel[0]  ; r_out[5] ;
; N/A                                     ; None                                                ; 11.932 ns       ; a_in[3]    ; z_out    ;
; N/A                                     ; None                                                ; 11.922 ns       ; b_in[2]    ; r_out[7] ;
; N/A                                     ; None                                                ; 11.914 ns       ; op_sel[0]  ; c_out    ;
; N/A                                     ; None                                                ; 11.871 ns       ; b_in[1]    ; r_out[2] ;
; N/A                                     ; None                                                ; 11.867 ns       ; a_in[2]    ; dc_out   ;
; N/A                                     ; None                                                ; 11.837 ns       ; b_in[3]    ; dc_out   ;
; N/A                                     ; None                                                ; 11.822 ns       ; b_in[5]    ; r_out[6] ;
; N/A                                     ; None                                                ; 11.799 ns       ; op_sel[1]  ; r_out[2] ;
; N/A                                     ; None                                                ; 11.729 ns       ; op_sel[0]  ; r_out[4] ;
; N/A                                     ; None                                                ; 11.714 ns       ; b_in[0]    ; r_out[2] ;
; N/A                                     ; None                                                ; 11.696 ns       ; b_in[5]    ; r_out[7] ;
; N/A                                     ; None                                                ; 11.696 ns       ; b_in[1]    ; r_out[3] ;
; N/A                                     ; None                                                ; 11.689 ns       ; b_in[1]    ; r_out[5] ;
; N/A                                     ; None                                                ; 11.656 ns       ; b_in[6]    ; c_out    ;
; N/A                                     ; None                                                ; 11.649 ns       ; bit_sel[0] ; z_out    ;
; N/A                                     ; None                                                ; 11.649 ns       ; b_in[1]    ; c_out    ;
; N/A                                     ; None                                                ; 11.646 ns       ; a_in[4]    ; z_out    ;
; N/A                                     ; None                                                ; 11.645 ns       ; a_in[0]    ; z_out    ;
; N/A                                     ; None                                                ; 11.638 ns       ; a_in[5]    ; z_out    ;
; N/A                                     ; None                                                ; 11.624 ns       ; op_sel[1]  ; r_out[3] ;
; N/A                                     ; None                                                ; 11.623 ns       ; op_sel[2]  ; r_out[6] ;
; N/A                                     ; None                                                ; 11.617 ns       ; op_sel[1]  ; r_out[5] ;
; N/A                                     ; None                                                ; 11.600 ns       ; op_sel[0]  ; r_out[1] ;
; N/A                                     ; None                                                ; 11.590 ns       ; a_in[1]    ; z_out    ;
; N/A                                     ; None                                                ; 11.584 ns       ; op_sel[3]  ; dc_out   ;
; N/A                                     ; None                                                ; 11.583 ns       ; op_sel[1]  ; c_out    ;
; N/A                                     ; None                                                ; 11.553 ns       ; b_in[7]    ; r_out[7] ;
; N/A                                     ; None                                                ; 11.541 ns       ; b_in[3]    ; r_out[6] ;
; N/A                                     ; None                                                ; 11.539 ns       ; b_in[0]    ; r_out[3] ;
; N/A                                     ; None                                                ; 11.536 ns       ; a_in[2]    ; r_out[6] ;
; N/A                                     ; None                                                ; 11.532 ns       ; b_in[0]    ; r_out[5] ;
; N/A                                     ; None                                                ; 11.502 ns       ; b_in[7]    ; z_out    ;
; N/A                                     ; None                                                ; 11.497 ns       ; op_sel[2]  ; r_out[7] ;
; N/A                                     ; None                                                ; 11.492 ns       ; b_in[0]    ; c_out    ;
; N/A                                     ; None                                                ; 11.464 ns       ; b_in[1]    ; r_out[4] ;
; N/A                                     ; None                                                ; 11.464 ns       ; b_in[2]    ; r_out[2] ;
; N/A                                     ; None                                                ; 11.454 ns       ; a_in[7]    ; z_out    ;
; N/A                                     ; None                                                ; 11.447 ns       ; b_in[4]    ; r_out[5] ;
; N/A                                     ; None                                                ; 11.415 ns       ; b_in[3]    ; r_out[7] ;
; N/A                                     ; None                                                ; 11.410 ns       ; a_in[2]    ; r_out[7] ;
; N/A                                     ; None                                                ; 11.407 ns       ; b_in[4]    ; c_out    ;
; N/A                                     ; None                                                ; 11.392 ns       ; op_sel[1]  ; r_out[4] ;
; N/A                                     ; None                                                ; 11.376 ns       ; a_in[5]    ; r_out[6] ;
; N/A                                     ; None                                                ; 11.339 ns       ; a_in[3]    ; dc_out   ;
; N/A                                     ; None                                                ; 11.335 ns       ; b_in[1]    ; r_out[1] ;
; N/A                                     ; None                                                ; 11.324 ns       ; b_in[2]    ; r_out[3] ;
; N/A                                     ; None                                                ; 11.317 ns       ; b_in[2]    ; r_out[5] ;
; N/A                                     ; None                                                ; 11.307 ns       ; b_in[0]    ; r_out[4] ;
; N/A                                     ; None                                                ; 11.285 ns       ; op_sel[0]  ; r_out[0] ;
; N/A                                     ; None                                                ; 11.277 ns       ; b_in[2]    ; c_out    ;
; N/A                                     ; None                                                ; 11.275 ns       ; a_in[4]    ; dc_out   ;
; N/A                                     ; None                                                ; 11.263 ns       ; op_sel[1]  ; r_out[1] ;
; N/A                                     ; None                                                ; 11.253 ns       ; op_sel[3]  ; r_out[6] ;
; N/A                                     ; None                                                ; 11.250 ns       ; a_in[5]    ; r_out[7] ;
; N/A                                     ; None                                                ; 11.244 ns       ; bit_sel[2] ; z_out    ;
; N/A                                     ; None                                                ; 11.219 ns       ; a_in[1]    ; dc_out   ;
; N/A                                     ; None                                                ; 11.194 ns       ; b_in[4]    ; r_out[4] ;
; N/A                                     ; None                                                ; 11.192 ns       ; b_in[0]    ; r_out[1] ;
; N/A                                     ; None                                                ; 11.138 ns       ; b_in[0]    ; r_out[0] ;
; N/A                                     ; None                                                ; 11.127 ns       ; op_sel[3]  ; r_out[7] ;
; N/A                                     ; None                                                ; 11.109 ns       ; c_in       ; z_out    ;
; N/A                                     ; None                                                ; 11.092 ns       ; bit_sel[1] ; z_out    ;
; N/A                                     ; None                                                ; 11.092 ns       ; b_in[2]    ; r_out[4] ;
; N/A                                     ; None                                                ; 11.083 ns       ; a_in[7]    ; dc_out   ;
; N/A                                     ; None                                                ; 11.077 ns       ; b_in[5]    ; r_out[5] ;
; N/A                                     ; None                                                ; 11.074 ns       ; op_sel[2]  ; r_out[2] ;
; N/A                                     ; None                                                ; 11.067 ns       ; a_in[0]    ; dc_out   ;
; N/A                                     ; None                                                ; 11.051 ns       ; b_in[5]    ; c_out    ;
; N/A                                     ; None                                                ; 11.036 ns       ; a_in[3]    ; r_out[6] ;
; N/A                                     ; None                                                ; 11.021 ns       ; a_in[7]    ; r_out[7] ;
; N/A                                     ; None                                                ; 10.959 ns       ; a_in[2]    ; r_out[2] ;
; N/A                                     ; None                                                ; 10.958 ns       ; a_in[4]    ; r_out[6] ;
; N/A                                     ; None                                                ; 10.936 ns       ; b_in[7]    ; c_out    ;
; N/A                                     ; None                                                ; 10.910 ns       ; a_in[3]    ; r_out[7] ;
; N/A                                     ; None                                                ; 10.899 ns       ; op_sel[2]  ; r_out[3] ;
; N/A                                     ; None                                                ; 10.892 ns       ; op_sel[2]  ; r_out[5] ;
; N/A                                     ; None                                                ; 10.888 ns       ; a_in[1]    ; r_out[6] ;
; N/A                                     ; None                                                ; 10.852 ns       ; op_sel[2]  ; c_out    ;
; N/A                                     ; None                                                ; 10.832 ns       ; a_in[4]    ; r_out[7] ;
; N/A                                     ; None                                                ; 10.812 ns       ; a_in[2]    ; r_out[3] ;
; N/A                                     ; None                                                ; 10.810 ns       ; b_in[3]    ; r_out[5] ;
; N/A                                     ; None                                                ; 10.805 ns       ; a_in[2]    ; r_out[5] ;
; N/A                                     ; None                                                ; 10.788 ns       ; a_in[6]    ; z_out    ;
; N/A                                     ; None                                                ; 10.782 ns       ; b_in[3]    ; r_out[3] ;
; N/A                                     ; None                                                ; 10.770 ns       ; b_in[3]    ; c_out    ;
; N/A                                     ; None                                                ; 10.765 ns       ; a_in[2]    ; c_out    ;
; N/A                                     ; None                                                ; 10.762 ns       ; a_in[1]    ; r_out[7] ;
; N/A                                     ; None                                                ; 10.747 ns       ; bit_sel[0] ; r_out[7] ;
; N/A                                     ; None                                                ; 10.736 ns       ; a_in[0]    ; r_out[6] ;
; N/A                                     ; None                                                ; 10.704 ns       ; op_sel[3]  ; r_out[2] ;
; N/A                                     ; None                                                ; 10.667 ns       ; op_sel[2]  ; r_out[4] ;
; N/A                                     ; None                                                ; 10.610 ns       ; a_in[0]    ; r_out[7] ;
; N/A                                     ; None                                                ; 10.610 ns       ; a_in[5]    ; r_out[5] ;
; N/A                                     ; None                                                ; 10.605 ns       ; a_in[5]    ; c_out    ;
; N/A                                     ; None                                                ; 10.587 ns       ; bit_sel[0] ; dc_out   ;
; N/A                                     ; None                                                ; 10.585 ns       ; b_in[3]    ; r_out[4] ;
; N/A                                     ; None                                                ; 10.580 ns       ; a_in[2]    ; r_out[4] ;
; N/A                                     ; None                                                ; 10.552 ns       ; op_sel[2]  ; r_out[1] ;
; N/A                                     ; None                                                ; 10.545 ns       ; bit_sel[2] ; dc_out   ;
; N/A                                     ; None                                                ; 10.529 ns       ; op_sel[3]  ; r_out[3] ;
; N/A                                     ; None                                                ; 10.525 ns       ; op_sel[3]  ; r_out[0] ;
; N/A                                     ; None                                                ; 10.522 ns       ; op_sel[3]  ; r_out[5] ;
; N/A                                     ; None                                                ; 10.512 ns       ; op_sel[2]  ; r_out[0] ;
; N/A                                     ; None                                                ; 10.482 ns       ; op_sel[3]  ; c_out    ;
; N/A                                     ; None                                                ; 10.443 ns       ; a_in[6]    ; r_out[6] ;
; N/A                                     ; None                                                ; 10.390 ns       ; a_in[7]    ; c_out    ;
; N/A                                     ; None                                                ; 10.355 ns       ; bit_sel[1] ; dc_out   ;
; N/A                                     ; None                                                ; 10.339 ns       ; a_in[1]    ; r_out[2] ;
; N/A                                     ; None                                                ; 10.325 ns       ; a_in[6]    ; r_out[7] ;
; N/A                                     ; None                                                ; 10.305 ns       ; a_in[3]    ; r_out[5] ;
; N/A                                     ; None                                                ; 10.297 ns       ; op_sel[3]  ; r_out[4] ;
; N/A                                     ; None                                                ; 10.294 ns       ; bit_sel[0] ; r_out[4] ;
; N/A                                     ; None                                                ; 10.290 ns       ; a_in[2]    ; r_out[1] ;
; N/A                                     ; None                                                ; 10.284 ns       ; bit_sel[2] ; r_out[7] ;
; N/A                                     ; None                                                ; 10.284 ns       ; a_in[3]    ; r_out[3] ;
; N/A                                     ; None                                                ; 10.265 ns       ; a_in[3]    ; c_out    ;
; N/A                                     ; None                                                ; 10.227 ns       ; a_in[4]    ; r_out[5] ;
; N/A                                     ; None                                                ; 10.220 ns       ; a_in[4]    ; r_out[3] ;
; N/A                                     ; None                                                ; 10.187 ns       ; a_in[4]    ; c_out    ;
; N/A                                     ; None                                                ; 10.187 ns       ; a_in[0]    ; r_out[2] ;
; N/A                                     ; None                                                ; 10.182 ns       ; op_sel[3]  ; r_out[1] ;
; N/A                                     ; None                                                ; 10.164 ns       ; a_in[1]    ; r_out[3] ;
; N/A                                     ; None                                                ; 10.162 ns       ; a_in[5]    ; r_out[4] ;
; N/A                                     ; None                                                ; 10.157 ns       ; a_in[1]    ; r_out[5] ;
; N/A                                     ; None                                                ; 10.125 ns       ; bit_sel[0] ; r_out[0] ;
; N/A                                     ; None                                                ; 10.121 ns       ; a_in[0]    ; r_out[0] ;
; N/A                                     ; None                                                ; 10.117 ns       ; a_in[1]    ; c_out    ;
; N/A                                     ; None                                                ; 10.095 ns       ; bit_sel[1] ; r_out[7] ;
; N/A                                     ; None                                                ; 10.089 ns       ; a_in[3]    ; r_out[2] ;
; N/A                                     ; None                                                ; 10.080 ns       ; a_in[3]    ; r_out[4] ;
; N/A                                     ; None                                                ; 10.061 ns       ; bit_sel[0] ; r_out[2] ;
; N/A                                     ; None                                                ; 10.036 ns       ; c_in       ; r_out[7] ;
; N/A                                     ; None                                                ; 10.034 ns       ; a_in[1]    ; r_out[0] ;
; N/A                                     ; None                                                ; 10.030 ns       ; bit_sel[0] ; r_out[1] ;
; N/A                                     ; None                                                ; 10.028 ns       ; a_in[7]    ; r_out[3] ;
; N/A                                     ; None                                                ; 10.027 ns       ; a_in[5]    ; r_out[1] ;
; N/A                                     ; None                                                ; 10.012 ns       ; a_in[0]    ; r_out[3] ;
; N/A                                     ; None                                                ; 10.005 ns       ; a_in[0]    ; r_out[5] ;
; N/A                                     ; None                                                ; 9.989 ns        ; a_in[4]    ; r_out[0] ;
; N/A                                     ; None                                                ; 9.979 ns        ; bit_sel[0] ; r_out[5] ;
; N/A                                     ; None                                                ; 9.967 ns        ; a_in[4]    ; r_out[4] ;
; N/A                                     ; None                                                ; 9.965 ns        ; a_in[0]    ; c_out    ;
; N/A                                     ; None                                                ; 9.963 ns        ; bit_sel[1] ; r_out[2] ;
; N/A                                     ; None                                                ; 9.938 ns        ; op_sel[1]  ; r_out[0] ;
; N/A                                     ; None                                                ; 9.932 ns        ; a_in[1]    ; r_out[4] ;
; N/A                                     ; None                                                ; 9.896 ns        ; a_in[6]    ; r_out[2] ;
; N/A                                     ; None                                                ; 9.845 ns        ; bit_sel[0] ; r_out[6] ;
; N/A                                     ; None                                                ; 9.789 ns        ; a_in[1]    ; r_out[1] ;
; N/A                                     ; None                                                ; 9.780 ns        ; a_in[0]    ; r_out[4] ;
; N/A                                     ; None                                                ; 9.780 ns        ; bit_sel[2] ; r_out[2] ;
; N/A                                     ; None                                                ; 9.742 ns        ; bit_sel[1] ; r_out[6] ;
; N/A                                     ; None                                                ; 9.742 ns        ; bit_sel[1] ; r_out[4] ;
; N/A                                     ; None                                                ; 9.720 ns        ; bit_sel[2] ; r_out[0] ;
; N/A                                     ; None                                                ; 9.680 ns        ; a_in[6]    ; c_out    ;
; N/A                                     ; None                                                ; 9.665 ns        ; a_in[0]    ; r_out[1] ;
; N/A                                     ; None                                                ; 9.606 ns        ; a_in[7]    ; r_out[6] ;
; N/A                                     ; None                                                ; 9.585 ns        ; c_in       ; r_out[0] ;
; N/A                                     ; None                                                ; 9.567 ns        ; bit_sel[2] ; r_out[4] ;
; N/A                                     ; None                                                ; 9.560 ns        ; bit_sel[2] ; r_out[6] ;
; N/A                                     ; None                                                ; 9.532 ns        ; bit_sel[0] ; r_out[3] ;
; N/A                                     ; None                                                ; 9.490 ns        ; bit_sel[2] ; r_out[3] ;
; N/A                                     ; None                                                ; 9.478 ns        ; bit_sel[1] ; r_out[1] ;
; N/A                                     ; None                                                ; 9.455 ns        ; bit_sel[1] ; r_out[0] ;
; N/A                                     ; None                                                ; 9.425 ns        ; bit_sel[1] ; r_out[5] ;
; N/A                                     ; None                                                ; 9.413 ns        ; a_in[6]    ; r_out[5] ;
; N/A                                     ; None                                                ; 9.305 ns        ; bit_sel[2] ; r_out[1] ;
; Timing analysis restricted to 200 rows. ; To change the limit use Settings (Assignments menu) ;                 ;            ;          ;
+-----------------------------------------+-----------------------------------------------------+-----------------+------------+----------+


+--------------------------+
; Timing Analyzer Messages ;
+--------------------------+
Info: *******************************************************************
Info: Running Quartus II Classic Timing Analyzer
    Info: Version 9.1 Build 350 03/24/2010 Service Pack 2 SJ Web Edition
    Info: Processing started: Tue Oct 10 11:32:49 2023
Info: Command: quartus_tan --read_settings_files=off --write_settings_files=off alu -c alu --timing_analysis_only
Info: Longest tpd from source pin "op_sel[0]" to destination pin "z_out" is 13.387 ns
    Info: 1: + IC(0.000 ns) + CELL(0.799 ns) = 0.799 ns; Loc. = PIN_C13; Fanout = 36; PIN Node = 'op_sel[0]'
    Info: 2: + IC(4.598 ns) + CELL(0.346 ns) = 5.743 ns; Loc. = LCCOMB_X23_Y18_N28; Fanout = 2; COMB Node = 'Add0~10'
    Info: 3: + IC(0.881 ns) + CELL(0.516 ns) = 7.140 ns; Loc. = LCCOMB_X19_Y17_N4; Fanout = 2; COMB Node = 'Add0~13'
    Info: 4: + IC(0.000 ns) + CELL(0.035 ns) = 7.175 ns; Loc. = LCCOMB_X19_Y17_N6; Fanout = 2; COMB Node = 'Add0~18'
    Info: 5: + IC(0.000 ns) + CELL(0.125 ns) = 7.300 ns; Loc. = LCCOMB_X19_Y17_N8; Fanout = 1; COMB Node = 'Add0~22'
    Info: 6: + IC(0.604 ns) + CELL(0.357 ns) = 8.261 ns; Loc. = LCCOMB_X21_Y17_N22; Fanout = 3; COMB Node = 'Mux13~2'
    Info: 7: + IC(0.257 ns) + CELL(0.346 ns) = 8.864 ns; Loc. = LCCOMB_X21_Y17_N28; Fanout = 1; COMB Node = 'z_out~2'
    Info: 8: + IC(0.826 ns) + CELL(0.378 ns) = 10.068 ns; Loc. = LCCOMB_X19_Y16_N20; Fanout = 1; COMB Node = 'z_out~3'
    Info: 9: + IC(1.387 ns) + CELL(1.932 ns) = 13.387 ns; Loc. = PIN_H11; Fanout = 0; PIN Node = 'z_out'
    Info: Total cell delay = 4.834 ns ( 36.11 % )
    Info: Total interconnect delay = 8.553 ns ( 63.89 % )
Info: Quartus II Classic Timing Analyzer was successful. 0 errors, 0 warnings
    Info: Peak virtual memory: 173 megabytes
    Info: Processing ended: Tue Oct 10 11:32:49 2023
    Info: Elapsed time: 00:00:00
    Info: Total CPU time (on all processors): 00:00:01


